The system is: Windows - 10.0.19045 - AMD64
Compiling the CXX compiler identification source file "CMakeCXXCompilerId.cpp" succeeded.
Compiler:  
Build flags: 
Id flags:  

The output was:
0
MSBuild version 17.11.0-preview-24230-06+4be99f898 for .NET Framework
Build started 5/19/2025 7:54:33 PM.

Project "C:\Users\cyber\CLionProjects\MarinaDB\build\CMakeFiles\3.25.1\CompilerIdCXX\CompilerIdCXX.vcxproj" on node 1 (default targets).
PrepareForBuild:
  Creating directory "Debug\".
  Structured output is enabled. The formatting of compiler diagnostics will reflect the error hierarchy. See https://aka.ms/cpp/structured-output for more details.
  Creating directory "Debug\CompilerIdCXX.tlog\".
InitializeBuildStatus:
  Creating "Debug\CompilerIdCXX.tlog\unsuccessfulbuild" because "AlwaysCreate" was specified.
  Touching "Debug\CompilerIdCXX.tlog\unsuccessfulbuild".
VcpkgTripletSelection:
  Using triplet "x64-windows" from "D:\Programiranje\vcpkg\installed\x64-windows\"
  Using normalized configuration "Release"
ClCompile:
  D:\Program Files\Microsoft Visual Studio\2022\Preview\VC\Tools\MSVC\14.41.33901\bin\HostX64\x64\CL.exe /c /I"D:\Programiranje\vcpkg\installed\x64-windows\include" /nologo /W0 /WX- /diagnostics:column /Od /D _MBCS /Gm- /EHsc /RTC1 /MDd /GS /fp:precise /Zc:wchar_t /Zc:forScope /Zc:inline /Fo"Debug\\" /Fd"Debug\vc143.pdb" /external:W0 /Gd /TP /FC /errorReport:queue CMakeCXXCompilerId.cpp
  CMakeCXXCompilerId.cpp
Link:
  D:\Program Files\Microsoft Visual Studio\2022\Preview\VC\Tools\MSVC\14.41.33901\bin\HostX64\x64\link.exe /ERRORREPORT:QUEUE /OUT:".\CompilerIdCXX.exe" /INCREMENTAL:NO /NOLOGO /LIBPATH:"D:\Programiranje\vcpkg\installed\x64-windows\lib" /LIBPATH:"D:\Programiranje\vcpkg\installed\x64-windows\lib\manual-link" kernel32.lib user32.lib gdi32.lib winspool.lib comdlg32.lib advapi32.lib shell32.lib ole32.lib oleaut32.lib uuid.lib odbc32.lib odbccp32.lib "D:\Programiranje\vcpkg\installed\x64-windows\lib\*.lib" /MANIFEST /MANIFESTUAC:"level='asInvoker' uiAccess='false'" /manifest:embed /PDB:".\CompilerIdCXX.pdb" /SUBSYSTEM:CONSOLE /TLBID:1 /DYNAMICBASE /NXCOMPAT /IMPLIB:".\CompilerIdCXX.lib" /MACHINE:X64 Debug\CMakeCXXCompilerId.obj
  CompilerIdCXX.vcxproj -> C:\Users\cyber\CLionProjects\MarinaDB\build\CMakeFiles\3.25.1\CompilerIdCXX\CompilerIdCXX.exe
AppLocalFromInstalled:
  pwsh.exe -ExecutionPolicy Bypass -noprofile -File "D:\Programiranje\vcpkg\scripts\buildsystems\msbuild\applocal.ps1" "C:\Users\cyber\CLionProjects\MarinaDB\build\CMakeFiles\3.25.1\CompilerIdCXX\CompilerIdCXX.exe" "D:\Programiranje\vcpkg\installed\x64-windows\bin" "Debug\CompilerIdCXX.tlog\CompilerIdCXX.write.1u.tlog" "Debug\vcpkg.applocal.log"
  'pwsh.exe' is not recognized as an internal or external command,
  operable program or batch file.
  The command "pwsh.exe -ExecutionPolicy Bypass -noprofile -File "D:\Programiranje\vcpkg\scripts\buildsystems\msbuild\applocal.ps1" "C:\Users\cyber\CLionProjects\MarinaDB\build\CMakeFiles\3.25.1\CompilerIdCXX\CompilerIdCXX.exe" "D:\Programiranje\vcpkg\installed\x64-windows\bin" "Debug\CompilerIdCXX.tlog\CompilerIdCXX.write.1u.tlog" "Debug\vcpkg.applocal.log"" exited with code 9009.
  "C:\Windows\System32\WindowsPowerShell\v1.0\powershell.exe" -ExecutionPolicy Bypass -noprofile -File "D:\Programiranje\vcpkg\scripts\buildsystems\msbuild\applocal.ps1" "C:\Users\cyber\CLionProjects\MarinaDB\build\CMakeFiles\3.25.1\CompilerIdCXX\CompilerIdCXX.exe" "D:\Programiranje\vcpkg\installed\x64-windows\bin" "Debug\CompilerIdCXX.tlog\CompilerIdCXX.write.1u.tlog" "Debug\vcpkg.applocal.log"
PostBuildEvent:
  for %%i in (cl.exe) do @echo CMAKE_CXX_COMPILER=%%~$PATH:i
  :VCEnd
  CMAKE_CXX_COMPILER=D:\Program Files\Microsoft Visual Studio\2022\Preview\VC\Tools\MSVC\14.41.33901\bin\Hostx64\x64\cl.exe
FinalizeBuildStatus:
  Deleting file "Debug\CompilerIdCXX.tlog\unsuccessfulbuild".
  Touching "Debug\CompilerIdCXX.tlog\CompilerIdCXX.lastbuildstate".
Done Building Project "C:\Users\cyber\CLionProjects\MarinaDB\build\CMakeFiles\3.25.1\CompilerIdCXX\CompilerIdCXX.vcxproj" (default targets).

Build succeeded.
    0 Warning(s)
    0 Error(s)

Time Elapsed 00:00:00.81


Compilation of the CXX compiler identification source "CMakeCXXCompilerId.cpp" produced "CompilerIdCXX.exe"

Compilation of the CXX compiler identification source "CMakeCXXCompilerId.cpp" produced "CompilerIdCXX.vcxproj"

The CXX compiler identification is MSVC, found in "C:/Users/cyber/CLionProjects/MarinaDB/build/CMakeFiles/3.25.1/CompilerIdCXX/CompilerIdCXX.exe"

Detecting CXX compiler ABI info compiled with the following output:
Change Dir: C:/Users/cyber/CLionProjects/MarinaDB/build/CMakeFiles/CMakeScratch/TryCompile-2oy18l

Run Build Command(s):D:/Program Files/Microsoft Visual Studio/2022/Preview/MSBuild/Current/Bin/amd64/MSBuild.exe cmTC_5e2db.vcxproj /p:Configuration=Debug /p:Platform=x64 /p:VisualStudioVersion=17.0 /v:m && MSBuild version 17.11.0-preview-24230-06+4be99f898 for .NET Framework

  Microsoft (R) C/C++ Optimizing Compiler Version 19.41.33901 for x64
  Copyright (C) Microsoft Corporation.  All rights reserved.
  cl /c /I"D:\Programiranje\vcpkg\installed\x64-windows\include" /Zi /W1 /WX- /diagnostics:column /Od /Ob0 /D _MBCS /D WIN32 /D _WINDOWS /D "CMAKE_INTDIR=\"Debug\"" /Gm- /EHsc /RTC1 /MDd /GS /fp:precise /Zc:wchar_t /Zc:forScope /Zc:inline /GR /Fo"cmTC_5e2db.dir\Debug\\" /Fd"cmTC_5e2db.dir\Debug\vc143.pdb" /external:W1 /Gd /TP /errorReport:queue "C:\Program Files\CMake\share\cmake-3.25\Modules\CMakeCXXCompilerABI.cpp"
  CMakeCXXCompilerABI.cpp
  cmTC_5e2db.vcxproj -> C:\Users\cyber\CLionProjects\MarinaDB\build\CMakeFiles\CMakeScratch\TryCompile-2oy18l\Debug\cmTC_5e2db.exe



